e:\x_hsu\201703\graphicsapplication\qtconsoleapplication1\x64\debug\vc140.pdb
e:\x_hsu\201703\graphicsapplication\qtconsoleapplication1\x64\debug\uniformcolor.obj
e:\x_hsu\201703\graphicsapplication\qtconsoleapplication1\x64\debug\qtglshadercode.obj
e:\x_hsu\201703\graphicsapplication\qtconsoleapplication1\x64\debug\shapegenerator.obj
e:\x_hsu\201703\graphicsapplication\qtconsoleapplication1\x64\debug\cubegenerator.obj
e:\x_hsu\201703\graphicsapplication\qtconsoleapplication1\x64\debug\meglwindow.obj
e:\x_hsu\201703\graphicsapplication\qtconsoleapplication1\x64\debug\main.obj
e:\x_hsu\201703\graphicsapplication\qtconsoleapplication1\x64\debug\cubicbox.obj
e:\x_hsu\201703\graphicsapplication\qtconsoleapplication1\x64\debug\teapot.obj
e:\x_hsu\201703\graphicsapplication\qtconsoleapplication1\x64\debug\drawelementsinstance.obj
e:\x_hsu\201703\graphicsapplication\qtconsoleapplication1\x64\debug\primitives\shapegenerator.obj
e:\x_hsu\201703\graphicsapplication\qtconsoleapplication1\x64\debug\primitives\cubegenerator.obj
e:\x_hsu\201703\graphicsapplication\qtconsoleapplication1\x64\debug\cubicbox_dynamicdraw\cubicbox_dynamicdraw.obj
e:\x_hsu\201703\graphicsapplication\qtconsoleapplication1\x64\debug\mycamera\mycamera.obj
e:\x_hsu\201703\graphicsapplication\qtconsoleapplication1\x64\debug\qtconsoleapplication1.ilk
e:\x_hsu\201703\graphicsapplication\qtconsoleapplication1\x64\debug\qtconsoleapplication1.exe
e:\x_hsu\201703\graphicsapplication\qtconsoleapplication1\x64\debug\qtconsoleapplication1.pdb
e:\x_hsu\201703\graphicsapplication\qtconsoleapplication1\x64\debug\cubicbox_attributelocation.obj
e:\x_hsu\201703\graphicsapplication\qtconsoleapplication1\x64\debug\cubicbox_dynamicdraw.obj
e:\x_hsu\201703\graphicsapplication\qtconsoleapplication1\x64\debug\qtconsol.b12702ad.tlog\cl.command.1.tlog
e:\x_hsu\201703\graphicsapplication\qtconsoleapplication1\x64\debug\qtconsol.b12702ad.tlog\cl.read.1.tlog
e:\x_hsu\201703\graphicsapplication\qtconsoleapplication1\x64\debug\qtconsol.b12702ad.tlog\cl.write.1.tlog
e:\x_hsu\201703\graphicsapplication\qtconsoleapplication1\x64\debug\qtconsol.b12702ad.tlog\link.command.1.tlog
e:\x_hsu\201703\graphicsapplication\qtconsoleapplication1\x64\debug\qtconsol.b12702ad.tlog\link.read.1.tlog
e:\x_hsu\201703\graphicsapplication\qtconsoleapplication1\x64\debug\qtconsol.b12702ad.tlog\link.write.1.tlog
